<?xml version="1.0" encoding="UTF-8"?>
<!-- Generated by org.testng.reporters.JUnitReportReporter -->
<testsuite skipped="0" hostname="DESKTOP-RIGKATV" name="org.testfile.TestAltoro" tests="2" failures="0" timestamp="06 Dec 2022 08:08:01 GMT" time="18.455" errors="0">
  <testcase name="siginInvalidData" time="3.014" classname="org.testfile.TestAltoro"/>
  <testcase name="siginValidData" time="15.441" classname="org.testfile.TestAltoro"/>
</testsuite> <!-- org.testfile.TestAltoro -->
